Start testing: Jul 28 02:52 CDT
----------------------------------------------------------
1/1 Testing: high_vision_tests
1/1 Test: high_vision_tests
Command: "/Users/quentinkuttenkuler/bfft/build-high-vision/high_vision_tests"
Directory: /Users/quentinkuttenkuler/bfft/build-high-vision
"high_vision_tests" start time: Jul 28 02:52 CDT
Output:
----------------------------------------------------------
high_vision_tests: all checks passed
<end of output>
Test time =   0.30 sec
----------------------------------------------------------
Test Passed.
"high_vision_tests" end time: Jul 28 02:52 CDT
"high_vision_tests" time elapsed: 00:00:00
----------------------------------------------------------

End testing: Jul 28 02:52 CDT
